# JRE version: OpenJDK Runtime Environment Microsoft-8035246 (17.0.8+7) (build 17.0.8+7-LTS)
# Java VM: OpenJDK 64-Bit Server VM Microsoft-8035246 (17.0.8+7-LTS, mixed mode, sharing, tiered, compressed oops, compressed class ptrs, g1 gc, windows-amd64)
GC Precious Log:
 CPUs: 8 total, 8 available
 Memory: 12152M
 Large Page Support: Disabled
 NUMA Support: Disabled
 Compressed Oops: Enabled (32-bit)
 Heap Region Size: 1M
 Heap Min Capacity: 8M
 Heap Initial Capacity: 190M
 Heap Max Capacity: 2G
 Pre-touch: Disabled
 Parallel Workers: 8
 Concurrent Workers: 2
 Concurrent Refinement Workers: 8
 Periodic GC: Disabled
Heap:
 garbage-first heap   total 358400K, used 296690K [0x0000000080000000, 0x0000000100000000)
  region size 1024K, 45 young (46080K), 7 survivors (7168K)
 Metaspace       used 106357K, committed 108160K, reserved 557056K
  class space    used 14792K, committed 15616K, reserved 425984K
GC Heap History (20 events):
Event: 52.641 GC heap before
{Heap before GC invocations=58 (full 0):
 garbage-first heap   total 358400K, used 295201K [0x0000000080000000, 0x0000000100000000)
  region size 1024K, 80 young (81920K), 4 survivors (4096K)
 Metaspace       used 102123K, committed 103744K, reserved 557056K
  class space    used 14360K, committed 15104K, reserved 425984K
}
Event: 52.659 GC heap after
{Heap after GC invocations=59 (full 0):
 garbage-first heap   total 358400K, used 224544K [0x0000000080000000, 0x0000000100000000)
  region size 1024K, 10 young (10240K), 10 survivors (10240K)
 Metaspace       used 102123K, committed 103744K, reserved 557056K
  class space    used 14360K, committed 15104K, reserved 425984K
}
Event: 53.727 GC heap before
{Heap before GC invocations=59 (full 0):
 garbage-first heap   total 358400K, used 305440K [0x0000000080000000, 0x0000000100000000)
  region size 1024K, 82 young (83968K), 10 survivors (10240K)
 Metaspace       used 102337K, committed 103936K, reserved 557056K
  class space    used 14371K, committed 15104K, reserved 425984K
}
Event: 53.743 GC heap after
{Heap after GC invocations=60 (full 0):
 garbage-first heap   total 358400K, used 231005K [0x0000000080000000, 0x0000000100000000)
  region size 1024K, 7 young (7168K), 7 survivors (7168K)
 Metaspace       used 102337K, committed 103936K, reserved 557056K
  class space    used 14371K, committed 15104K, reserved 425984K
}
Event: 54.681 GC heap before
{Heap before GC invocations=60 (full 0):
 garbage-first heap   total 358400K, used 312925K [0x0000000080000000, 0x0000000100000000)
  region size 1024K, 76 young (77824K), 7 survivors (7168K)
 Metaspace       used 102534K, committed 104192K, reserved 557056K
  class space    used 14393K, committed 15168K, reserved 425984K
}
Event: 54.697 GC heap after
{Heap after GC invocations=61 (full 0):
 garbage-first heap   total 358400K, used 236659K [0x0000000080000000, 0x0000000100000000)
  region size 1024K, 6 young (6144K), 6 survivors (6144K)
 Metaspace       used 102534K, committed 104192K, reserved 557056K
  class space    used 14393K, committed 15168K, reserved 425984K
}
Event: 55.510 GC heap before
{Heap before GC invocations=61 (full 0):
 garbage-first heap   total 358400K, used 306291K [0x0000000080000000, 0x0000000100000000)
  region size 1024K, 71 young (72704K), 6 survivors (6144K)
 Metaspace       used 102682K, committed 104384K, reserved 557056K
  class space    used 14402K, committed 15168K, reserved 425984K
}
Event: 55.527 GC heap after
{Heap after GC invocations=62 (full 0):
 garbage-first heap   total 358400K, used 240675K [0x0000000080000000, 0x0000000100000000)
  region size 1024K, 5 young (5120K), 5 survivors (5120K)
 Metaspace       used 102682K, committed 104384K, reserved 557056K
  class space    used 14402K, committed 15168K, reserved 425984K
}
Event: 56.578 GC heap before
{Heap before GC invocations=62 (full 0):
 garbage-first heap   total 358400K, used 308259K [0x0000000080000000, 0x0000000100000000)
  region size 1024K, 68 young (69632K), 5 survivors (5120K)
 Metaspace       used 102951K, committed 104704K, reserved 557056K
  class space    used 14437K, committed 15232K, reserved 425984K
}
Event: 56.592 GC heap after
{Heap after GC invocations=63 (full 0):
 garbage-first heap   total 358400K, used 244602K [0x0000000080000000, 0x0000000100000000)
  region size 1024K, 8 young (8192K), 8 survivors (8192K)
 Metaspace       used 102951K, committed 104704K, reserved 557056K
  class space    used 14437K, committed 15232K, reserved 425984K
}
Event: 57.040 GC heap before
{Heap before GC invocations=63 (full 0):
 garbage-first heap   total 358400K, used 311162K [0x0000000080000000, 0x0000000100000000)
  region size 1024K, 70 young (71680K), 8 survivors (8192K)
 Metaspace       used 103028K, committed 104768K, reserved 557056K
  class space    used 14445K, committed 15232K, reserved 425984K
}
Event: 57.055 GC heap after
{Heap after GC invocations=64 (full 0):
 garbage-first heap   total 358400K, used 248050K [0x0000000080000000, 0x0000000100000000)
  region size 1024K, 8 young (8192K), 8 survivors (8192K)
 Metaspace       used 103028K, committed 104768K, reserved 557056K
  class space    used 14445K, committed 15232K, reserved 425984K
}
Event: 57.455 GC heap before
{Heap before GC invocations=64 (full 0):
 garbage-first heap   total 358400K, used 311538K [0x0000000080000000, 0x0000000100000000)
  region size 1024K, 67 young (68608K), 8 survivors (8192K)
 Metaspace       used 103062K, committed 104768K, reserved 557056K
  class space    used 14446K, committed 15232K, reserved 425984K
}
Event: 57.470 GC heap after
{Heap after GC invocations=65 (full 0):
 garbage-first heap   total 358400K, used 251747K [0x0000000080000000, 0x0000000100000000)
  region size 1024K, 7 young (7168K), 7 survivors (7168K)
 Metaspace       used 103062K, committed 104768K, reserved 557056K
  class space    used 14446K, committed 15232K, reserved 425984K
}
Event: 58.007 GC heap before
{Heap before GC invocations=65 (full 0):
 garbage-first heap   total 358400K, used 312163K [0x0000000080000000, 0x0000000100000000)
  region size 1024K, 65 young (66560K), 7 survivors (7168K)
 Metaspace       used 103098K, committed 104832K, reserved 557056K
  class space    used 14449K, committed 15232K, reserved 425984K
}
Event: 58.019 GC heap after
{Heap after GC invocations=66 (full 0):
 garbage-first heap   total 358400K, used 255719K [0x0000000080000000, 0x0000000100000000)
  region size 1024K, 6 young (6144K), 6 survivors (6144K)
 Metaspace       used 103098K, committed 104832K, reserved 557056K
  class space    used 14449K, committed 15232K, reserved 425984K
}
Event: 58.343 GC heap before
{Heap before GC invocations=66 (full 0):
 garbage-first heap   total 358400K, used 292583K [0x0000000080000000, 0x0000000100000000)
  region size 1024K, 39 young (39936K), 6 survivors (6144K)
 Metaspace       used 103448K, committed 105152K, reserved 557056K
  class space    used 14488K, committed 15232K, reserved 425984K
}
Event: 58.354 GC heap after
{Heap after GC invocations=67 (full 0):
 garbage-first heap   total 358400K, used 258728K [0x0000000080000000, 0x0000000100000000)
  region size 1024K, 5 young (5120K), 5 survivors (5120K)
 Metaspace       used 103448K, committed 105152K, reserved 557056K
  class space    used 14488K, committed 15232K, reserved 425984K
}
Event: 134.275 GC heap before
{Heap before GC invocations=67 (full 0):
 garbage-first heap   total 358400K, used 311976K [0x0000000080000000, 0x0000000100000000)
  region size 1024K, 56 young (57344K), 5 survivors (5120K)
 Metaspace       used 106171K, committed 107904K, reserved 557056K
  class space    used 14788K, committed 15616K, reserved 425984K
}
Event: 134.291 GC heap after
{Heap after GC invocations=68 (full 0):
 garbage-first heap   total 358400K, used 259826K [0x0000000080000000, 0x0000000100000000)
  region size 1024K, 7 young (7168K), 7 survivors (7168K)
 Metaspace       used 106171K, committed 107904K, reserved 557056K
  class space    used 14788K, committed 15616K, reserved 425984K
}

