# JRE version: OpenJDK Runtime Environment Microsoft-8035246 (17.0.8+7) (build 17.0.8+7-LTS)
# Java VM: OpenJDK 64-Bit Server VM Microsoft-8035246 (17.0.8+7-LTS, mixed mode, sharing, tiered, compressed oops, compressed class ptrs, g1 gc, windows-amd64)
GC Precious Log:
 CPUs: 8 total, 8 available
 Memory: 7886M
 Large Page Support: Disabled
 NUMA Support: Disabled
 Compressed Oops: Enabled (32-bit)
 Heap Region Size: 1M
 Heap Min Capacity: 8M
 Heap Initial Capacity: 124M
 Heap Max Capacity: 2G
 Pre-touch: Disabled
 Parallel Workers: 8
 Concurrent Workers: 2
 Concurrent Refinement Workers: 8
 Periodic GC: Disabled
Heap:
 garbage-first heap   total 393216K, used 295029K [0x0000000080000000, 0x0000000100000000)
  region size 1024K, 76 young (77824K), 8 survivors (8192K)
 Metaspace       used 107089K, committed 108672K, reserved 557056K
  class space    used 14958K, committed 15680K, reserved 425984K
GC Heap History (20 events):
Event: 39.884 GC heap before
{Heap before GC invocations=46 (full 0):
 garbage-first heap   total 235520K, used 185612K [0x0000000080000000, 0x0000000100000000)
  region size 1024K, 65 young (66560K), 11 survivors (11264K)
 Metaspace       used 95931K, committed 97024K, reserved 557056K
  class space    used 13415K, committed 13888K, reserved 425984K
}
Event: 39.922 GC heap after
{Heap after GC invocations=47 (full 0):
 garbage-first heap   total 235520K, used 141565K [0x0000000080000000, 0x0000000100000000)
  region size 1024K, 9 young (9216K), 9 survivors (9216K)
 Metaspace       used 95931K, committed 97024K, reserved 557056K
  class space    used 13415K, committed 13888K, reserved 425984K
}
Event: 41.183 GC heap before
{Heap before GC invocations=47 (full 0):
 garbage-first heap   total 235520K, used 186621K [0x0000000080000000, 0x0000000100000000)
  region size 1024K, 53 young (54272K), 9 survivors (9216K)
 Metaspace       used 96712K, committed 97920K, reserved 557056K
  class space    used 13527K, committed 14080K, reserved 425984K
}
Event: 41.211 GC heap after
{Heap after GC invocations=48 (full 0):
 garbage-first heap   total 235520K, used 155055K [0x0000000080000000, 0x0000000100000000)
  region size 1024K, 7 young (7168K), 7 survivors (7168K)
 Metaspace       used 96712K, committed 97920K, reserved 557056K
  class space    used 13527K, committed 14080K, reserved 425984K
}
Event: 42.117 GC heap before
{Heap before GC invocations=48 (full 0):
 garbage-first heap   total 235520K, used 191918K [0x0000000080000000, 0x0000000100000000)
  region size 1024K, 41 young (41984K), 7 survivors (7168K)
 Metaspace       used 97080K, committed 98304K, reserved 557056K
  class space    used 13573K, committed 14080K, reserved 425984K
}
Event: 42.142 GC heap after
{Heap after GC invocations=49 (full 0):
 garbage-first heap   total 327680K, used 166503K [0x0000000080000000, 0x0000000100000000)
  region size 1024K, 6 young (6144K), 6 survivors (6144K)
 Metaspace       used 97080K, committed 98304K, reserved 557056K
  class space    used 13573K, committed 14080K, reserved 425984K
}
Event: 44.235 GC heap before
{Heap before GC invocations=49 (full 0):
 garbage-first heap   total 327680K, used 251495K [0x0000000080000000, 0x0000000100000000)
  region size 1024K, 88 young (90112K), 6 survivors (6144K)
 Metaspace       used 98597K, committed 99904K, reserved 557056K
  class space    used 13769K, committed 14336K, reserved 425984K
}
Event: 44.266 GC heap after
{Heap after GC invocations=50 (full 0):
 garbage-first heap   total 327680K, used 185954K [0x0000000080000000, 0x0000000100000000)
  region size 1024K, 11 young (11264K), 11 survivors (11264K)
 Metaspace       used 98597K, committed 99904K, reserved 557056K
  class space    used 13769K, committed 14336K, reserved 425984K
}
Event: 46.305 GC heap before
{Heap before GC invocations=50 (full 0):
 garbage-first heap   total 327680K, used 255586K [0x0000000080000000, 0x0000000100000000)
  region size 1024K, 79 young (80896K), 11 survivors (11264K)
 Metaspace       used 103112K, committed 104448K, reserved 557056K
  class space    used 14424K, committed 15040K, reserved 425984K
}
Event: 46.345 GC heap after
{Heap after GC invocations=51 (full 0):
 garbage-first heap   total 327680K, used 192735K [0x0000000080000000, 0x0000000100000000)
  region size 1024K, 6 young (6144K), 6 survivors (6144K)
 Metaspace       used 103112K, committed 104448K, reserved 557056K
  class space    used 14424K, committed 15040K, reserved 425984K
}
Event: 47.922 GC heap before
{Heap before GC invocations=51 (full 0):
 garbage-first heap   total 327680K, used 261343K [0x0000000080000000, 0x0000000100000000)
  region size 1024K, 73 young (74752K), 6 survivors (6144K)
 Metaspace       used 104922K, committed 106368K, reserved 557056K
  class space    used 14649K, committed 15360K, reserved 425984K
}
Event: 47.959 GC heap after
{Heap after GC invocations=52 (full 0):
 garbage-first heap   total 327680K, used 202123K [0x0000000080000000, 0x0000000100000000)
  region size 1024K, 10 young (10240K), 10 survivors (10240K)
 Metaspace       used 104922K, committed 106368K, reserved 557056K
  class space    used 14649K, committed 15360K, reserved 425984K
}
Event: 49.053 GC heap before
{Heap before GC invocations=52 (full 0):
 garbage-first heap   total 327680K, used 263563K [0x0000000080000000, 0x0000000100000000)
  region size 1024K, 70 young (71680K), 10 survivors (10240K)
 Metaspace       used 105136K, committed 106624K, reserved 557056K
  class space    used 14655K, committed 15360K, reserved 425984K
}
Event: 49.081 GC heap after
{Heap after GC invocations=53 (full 0):
 garbage-first heap   total 327680K, used 208403K [0x0000000080000000, 0x0000000100000000)
  region size 1024K, 6 young (6144K), 6 survivors (6144K)
 Metaspace       used 105136K, committed 106624K, reserved 557056K
  class space    used 14655K, committed 15360K, reserved 425984K
}
Event: 50.068 GC heap before
{Heap before GC invocations=53 (full 0):
 garbage-first heap   total 327680K, used 267795K [0x0000000080000000, 0x0000000100000000)
  region size 1024K, 64 young (65536K), 6 survivors (6144K)
 Metaspace       used 105800K, committed 107264K, reserved 557056K
  class space    used 14741K, committed 15424K, reserved 425984K
}
Event: 50.095 GC heap after
{Heap after GC invocations=54 (full 0):
 garbage-first heap   total 327680K, used 215405K [0x0000000080000000, 0x0000000100000000)
  region size 1024K, 7 young (7168K), 7 survivors (7168K)
 Metaspace       used 105800K, committed 107264K, reserved 557056K
  class space    used 14741K, committed 15424K, reserved 425984K
}
Event: 50.946 GC heap before
{Heap before GC invocations=54 (full 0):
 garbage-first heap   total 327680K, used 269677K [0x0000000080000000, 0x0000000100000000)
  region size 1024K, 61 young (62464K), 7 survivors (7168K)
 Metaspace       used 106642K, committed 108160K, reserved 557056K
  class space    used 14897K, committed 15616K, reserved 425984K
}
Event: 50.974 GC heap after
{Heap after GC invocations=55 (full 0):
 garbage-first heap   total 327680K, used 218218K [0x0000000080000000, 0x0000000100000000)
  region size 1024K, 3 young (3072K), 3 survivors (3072K)
 Metaspace       used 106642K, committed 108160K, reserved 557056K
  class space    used 14897K, committed 15616K, reserved 425984K
}
Event: 51.759 GC heap before
{Heap before GC invocations=55 (full 0):
 garbage-first heap   total 327680K, used 273514K [0x0000000080000000, 0x0000000100000000)
  region size 1024K, 58 young (59392K), 3 survivors (3072K)
 Metaspace       used 107048K, committed 108608K, reserved 557056K
  class space    used 14958K, committed 15680K, reserved 425984K
}
Event: 51.775 GC heap after
{Heap after GC invocations=56 (full 0):
 garbage-first heap   total 393216K, used 223349K [0x0000000080000000, 0x0000000100000000)
  region size 1024K, 8 young (8192K), 8 survivors (8192K)
 Metaspace       used 107048K, committed 108608K, reserved 557056K
  class space    used 14958K, committed 15680K, reserved 425984K
}

